This file contains any messages produced by compilers while
running configure, to aid debugging if configure makes a mistake.

It was created by Cuckoo hash configure 0.3-1_dirty, which was
generated by GNU Autoconf 2.69.  Invocation command line was

  $ ./configure 

## --------- ##
## Platform. ##
## --------- ##

hostname = Pranavs-MacBook-Pro.local
uname -m = x86_64
uname -r = 14.3.0
uname -s = Darwin
uname -v = Darwin Kernel Version 14.3.0: Mon Mar 23 11:59:05 PDT 2015; root:xnu-2782.20.48~5/RELEASE_X86_64

/usr/bin/uname -p = i386
/bin/uname -X     = unknown

/bin/arch              = unknown
/usr/bin/arch -k       = unknown
/usr/convex/getsysinfo = unknown
/usr/bin/hostinfo      = Mach kernel version:
	 Darwin Kernel Version 14.3.0: Mon Mar 23 11:59:05 PDT 2015; root:xnu-2782.20.48~5/RELEASE_X86_64
Kernel configured for up to 4 processors.
2 processors are physically available.
4 processors are logically available.
Processor type: x86_64h (Intel x86-64h Haswell)
Processors active: 0 1 2 3
Primary memory available: 8.00 gigabytes
Default processor set: 341 tasks, 1690 threads, 4 processors
Load average: 4.70, Mach factor: 1.93
/bin/machine           = unknown
/usr/bin/oslevel       = unknown
/bin/universe          = unknown

PATH: /opt/local/bin
PATH: /opt/local/sbin
PATH: /usr/local/bin
PATH: /usr/bin
PATH: /bin
PATH: /usr/sbin
PATH: /sbin


## ----------- ##
## Core tests. ##
## ----------- ##

configure:2016: checking for a BSD-compatible install
configure:2084: result: /usr/bin/install -c
configure:2095: checking whether build environment is sane
configure:2150: result: yes
configure:2301: checking for a thread-safe mkdir -p
configure:2340: result: auto/install-sh -c -d
configure:2347: checking for gawk
configure:2363: found /usr/local/bin/gawk
configure:2374: result: gawk
configure:2385: checking whether make sets $(MAKE)
configure:2407: result: yes
configure:2436: checking whether make supports nested variables
configure:2453: result: yes
configure:2587: checking for style of include used by make
configure:2615: result: GNU
configure:2686: checking for gcc
configure:2702: found /usr/bin/gcc
configure:2713: result: gcc
configure:2942: checking for C compiler version
configure:2951: gcc --version >&5
Apple LLVM version 6.1.0 (clang-602.0.53) (based on LLVM 3.6.0svn)
Target: x86_64-apple-darwin14.3.0
Thread model: posix
Configured with: --prefix=/Applications/Xcode.app/Contents/Developer/usr --with-gxx-include-dir=/usr/include/c++/4.2.1
configure:2962: $? = 0
configure:2951: gcc -v >&5
Configured with: --prefix=/Applications/Xcode.app/Contents/Developer/usr --with-gxx-include-dir=/usr/include/c++/4.2.1
Apple LLVM version 6.1.0 (clang-602.0.53) (based on LLVM 3.6.0svn)
Target: x86_64-apple-darwin14.3.0
Thread model: posix
configure:2962: $? = 0
configure:2951: gcc -V >&5
clang: error: argument to '-V' is missing (expected 1 value)
clang: error: no input files
configure:2962: $? = 1
configure:2951: gcc -qversion >&5
clang: error: unknown argument: '-qversion'
clang: error: no input files
configure:2962: $? = 1
configure:2982: checking whether the C compiler works
configure:3004: gcc    conftest.c  >&5
configure:3008: $? = 0
configure:3056: result: yes
configure:3059: checking for C compiler default output file name
configure:3061: result: a.out
configure:3067: checking for suffix of executables
configure:3074: gcc -o conftest    conftest.c  >&5
configure:3078: $? = 0
configure:3100: result: 
configure:3122: checking whether we are cross compiling
configure:3130: gcc -o conftest    conftest.c  >&5
configure:3134: $? = 0
configure:3141: ./conftest
configure:3145: $? = 0
configure:3160: result: no
configure:3165: checking for suffix of object files
configure:3187: gcc -c   conftest.c >&5
configure:3191: $? = 0
configure:3212: result: o
configure:3216: checking whether we are using the GNU C compiler
configure:3235: gcc -c   conftest.c >&5
configure:3235: $? = 0
configure:3244: result: yes
configure:3253: checking whether gcc accepts -g
configure:3273: gcc -c -g  conftest.c >&5
configure:3273: $? = 0
configure:3314: result: yes
configure:3331: checking for gcc option to accept ISO C89
configure:3394: gcc  -c -g -O2  conftest.c >&5
configure:3394: $? = 0
configure:3407: result: none needed
configure:3432: checking whether gcc understands -c and -o together
configure:3454: gcc -c conftest.c -o conftest2.o
configure:3457: $? = 0
configure:3454: gcc -c conftest.c -o conftest2.o
configure:3457: $? = 0
configure:3469: result: yes
configure:3488: checking dependency style of gcc
configure:3599: result: gcc3
configure:3664: checking for ar
configure:3680: found /usr/bin/ar
configure:3691: result: ar
configure:3717: checking the archiver (ar) interface
configure:3733: gcc -c -g -O2  conftest.c >&5
configure:3733: $? = 0
configure:3735: ar cru libconftest.a conftest.o >&5
configure:3738: $? = 0
configure:3766: result: ar
configure:3789: checking whether make sets $(MAKE)
configure:3811: result: yes
configure:3868: checking for gcc
configure:3895: result: gcc
configure:4124: checking for C compiler version
configure:4133: gcc --version >&5
Apple LLVM version 6.1.0 (clang-602.0.53) (based on LLVM 3.6.0svn)
Target: x86_64-apple-darwin14.3.0
Thread model: posix
Configured with: --prefix=/Applications/Xcode.app/Contents/Developer/usr --with-gxx-include-dir=/usr/include/c++/4.2.1
configure:4144: $? = 0
configure:4133: gcc -v >&5
Configured with: --prefix=/Applications/Xcode.app/Contents/Developer/usr --with-gxx-include-dir=/usr/include/c++/4.2.1
Apple LLVM version 6.1.0 (clang-602.0.53) (based on LLVM 3.6.0svn)
Target: x86_64-apple-darwin14.3.0
Thread model: posix
configure:4144: $? = 0
configure:4133: gcc -V >&5
clang: error: argument to '-V' is missing (expected 1 value)
clang: error: no input files
configure:4144: $? = 1
configure:4133: gcc -qversion >&5
clang: error: unknown argument: '-qversion'
clang: error: no input files
configure:4144: $? = 1
configure:4148: checking whether we are using the GNU C compiler
configure:4176: result: yes
configure:4185: checking whether gcc accepts -g
configure:4246: result: yes
configure:4263: checking for gcc option to accept ISO C89
configure:4339: result: none needed
configure:4364: checking whether gcc understands -c and -o together
configure:4401: result: yes
configure:4420: checking dependency style of gcc
configure:4531: result: gcc3
configure:4546: checking for gcc option to accept ISO C99
configure:4695: gcc  -c -g -O2  conftest.c >&5
configure:4695: $? = 0
configure:4708: result: none needed
configure:4724: checking whether gcc and cc understand -c and -o together
configure:4755: gcc -c conftest.c -o conftest2.o >&5
configure:4759: $? = 0
configure:4765: gcc -c conftest.c -o conftest2.o >&5
configure:4769: $? = 0
configure:4780: cc -c conftest.c >&5
configure:4784: $? = 0
configure:4792: cc -c conftest.c -o conftest2.o >&5
configure:4796: $? = 0
configure:4802: cc -c conftest.c -o conftest2.o >&5
configure:4806: $? = 0
configure:4824: result: yes
configure:4892: checking for g++
configure:4908: found /usr/bin/g++
configure:4919: result: g++
configure:4946: checking for C++ compiler version
configure:4955: g++ --version >&5
Apple LLVM version 6.1.0 (clang-602.0.53) (based on LLVM 3.6.0svn)
Target: x86_64-apple-darwin14.3.0
Thread model: posix
Configured with: --prefix=/Applications/Xcode.app/Contents/Developer/usr --with-gxx-include-dir=/usr/include/c++/4.2.1
configure:4966: $? = 0
configure:4955: g++ -v >&5
Configured with: --prefix=/Applications/Xcode.app/Contents/Developer/usr --with-gxx-include-dir=/usr/include/c++/4.2.1
Apple LLVM version 6.1.0 (clang-602.0.53) (based on LLVM 3.6.0svn)
Target: x86_64-apple-darwin14.3.0
Thread model: posix
configure:4966: $? = 0
configure:4955: g++ -V >&5
clang: error: argument to '-V' is missing (expected 1 value)
clang: error: no input files
configure:4966: $? = 1
configure:4955: g++ -qversion >&5
clang: error: unknown argument: '-qversion'
clang: error: no input files
configure:4966: $? = 1
configure:4970: checking whether we are using the GNU C++ compiler
configure:4989: g++ -c   conftest.cpp >&5
configure:4989: $? = 0
configure:4998: result: yes
configure:5007: checking whether g++ accepts -g
configure:5027: g++ -c -g  conftest.cpp >&5
configure:5027: $? = 0
configure:5068: result: yes
configure:5093: checking dependency style of g++
configure:5204: result: gcc3
configure:5224: checking whether g++ understands -c and -o together
configure:5248: g++ -g -O2 -c conftest.cpp -o conftest2.o >&5
configure:5252: $? = 0
configure:5259: g++ -g -O2 -c conftest.cpp -o conftest2.o >&5
configure:5263: $? = 0
configure:5271: result: yes
configure:5287: checking for mallinfo
configure:5287: gcc -o conftest -g -O2   conftest.c  >&5
Undefined symbols for architecture x86_64:
  "_mallinfo", referenced from:
      _main in conftest-a6f50b.o
ld: symbol(s) not found for architecture x86_64
clang: error: linker command failed with exit code 1 (use -v to see invocation)
configure:5287: $? = 1
configure: failed program was:
| /* confdefs.h */
| #define PACKAGE_NAME "Cuckoo hash"
| #define PACKAGE_TARNAME "cuckoo-hash"
| #define PACKAGE_VERSION "0.3-1_dirty"
| #define PACKAGE_STRING "Cuckoo hash 0.3-1_dirty"
| #define PACKAGE_BUGREPORT "tomash.brechko@gmail.com"
| #define PACKAGE_URL ""
| /* end confdefs.h.  */
| /* Define mallinfo to an innocuous variant, in case <limits.h> declares mallinfo.
|    For example, HP-UX 11i <limits.h> declares gettimeofday.  */
| #define mallinfo innocuous_mallinfo
| 
| /* System header to define __stub macros and hopefully few prototypes,
|     which can conflict with char mallinfo (); below.
|     Prefer <limits.h> to <assert.h> if __STDC__ is defined, since
|     <limits.h> exists even on freestanding compilers.  */
| 
| #ifdef __STDC__
| # include <limits.h>
| #else
| # include <assert.h>
| #endif
| 
| #undef mallinfo
| 
| /* Override any GCC internal prototype to avoid an error.
|    Use char because int might match the return type of a GCC
|    builtin and then its argument prototype would still apply.  */
| #ifdef __cplusplus
| extern "C"
| #endif
| char mallinfo ();
| /* The GNU C library defines this for functions which it implements
|     to always fail with ENOSYS.  Some functions are actually named
|     something starting with __ and the normal name is an alias.  */
| #if defined __stub_mallinfo || defined __stub___mallinfo
| choke me
| #endif
| 
| int
| main ()
| {
| return mallinfo ();
|   ;
|   return 0;
| }
configure:5287: result: no
configure:5304: checking whether g++ runtime has std::unordered_map
configure:5318: g++ -c -g -O2  conftest.cpp >&5
configure:5318: $? = 0
configure:5343: result: yes
configure:5355: checking whether g++ has std::__unordered_map<..., cache>
configure:5375: g++ -c -g -O2  conftest.cpp >&5
conftest.cpp:13:6: error: no template named '__unordered_map' in namespace 'std'; did you mean 'unordered_map'?
std::__unordered_map<int, int,
~~~~~^~~~~~~~~~~~~~~
     unordered_map
/Applications/Xcode.app/Contents/Developer/Toolchains/XcodeDefault.xctoolchain/usr/bin/../include/c++/v1/unordered_map:713:29: note: 'unordered_map' declared here
class _LIBCPP_TYPE_VIS_ONLY unordered_map
                            ^
conftest.cpp:13:6: error: too many template arguments for class template 'unordered_map'
std::__unordered_map<int, int,
     ^
/Applications/Xcode.app/Contents/Developer/Toolchains/XcodeDefault.xctoolchain/usr/bin/../include/c++/v1/unordered_map:713:29: note: template is declared here
class _LIBCPP_TYPE_VIS_ONLY unordered_map
                            ^
2 errors generated.
configure:5375: $? = 1
configure: failed program was:
| /* confdefs.h */
| #define PACKAGE_NAME "Cuckoo hash"
| #define PACKAGE_TARNAME "cuckoo-hash"
| #define PACKAGE_VERSION "0.3-1_dirty"
| #define PACKAGE_STRING "Cuckoo hash 0.3-1_dirty"
| #define PACKAGE_BUGREPORT "tomash.brechko@gmail.com"
| #define PACKAGE_URL ""
| /* end confdefs.h.  */
| #include <unordered_map>
| int
| main ()
| {
| std::__unordered_map<int, int,
|                              std::hash<int>,
|                              std::equal_to<int>,
|                              std::allocator<std::pair<int, int> >,
|                              true> cont;
|   ;
|   return 0;
| }
configure:5382: result: no
configure:5656: checking that generated files are newer than configure
configure:5662: result: done
configure:5705: creating ./config.status

## ---------------------- ##
## Running config.status. ##
## ---------------------- ##

This file was extended by Cuckoo hash config.status 0.3-1_dirty, which was
generated by GNU Autoconf 2.69.  Invocation command line was

  CONFIG_FILES    = 
  CONFIG_HEADERS  = 
  CONFIG_LINKS    = 
  CONFIG_COMMANDS = 
  $ ./config.status 

on Pranavs-MacBook-Pro.local

config.status:857: creating cuckoo-hash.spec
config.status:857: creating Makefile
config.status:843: error: cannot find input file: `src/Makefile.in'

## ---------------- ##
## Cache variables. ##
## ---------------- ##

ac_cv_c_compiler_gnu=yes
ac_cv_cxx_compiler_gnu=yes
ac_cv_cxx_unordered_map_cache=no
ac_cv_env_CCC_set=
ac_cv_env_CCC_value=
ac_cv_env_CC_set=
ac_cv_env_CC_value=
ac_cv_env_CFLAGS_set=
ac_cv_env_CFLAGS_value=
ac_cv_env_CPPFLAGS_set=
ac_cv_env_CPPFLAGS_value=
ac_cv_env_CXXFLAGS_set=
ac_cv_env_CXXFLAGS_value=
ac_cv_env_CXX_set=
ac_cv_env_CXX_value=
ac_cv_env_LDFLAGS_set=
ac_cv_env_LDFLAGS_value=
ac_cv_env_LIBS_set=
ac_cv_env_LIBS_value=
ac_cv_env_build_alias_set=
ac_cv_env_build_alias_value=
ac_cv_env_host_alias_set=
ac_cv_env_host_alias_value=
ac_cv_env_target_alias_set=
ac_cv_env_target_alias_value=
ac_cv_func_mallinfo=no
ac_cv_objext=o
ac_cv_path_install='/usr/bin/install -c'
ac_cv_prog_AWK=gawk
ac_cv_prog_ac_ct_AR=ar
ac_cv_prog_ac_ct_CC=gcc
ac_cv_prog_ac_ct_CXX=g++
ac_cv_prog_cc_c89=
ac_cv_prog_cc_c99=
ac_cv_prog_cc_g=yes
ac_cv_prog_cc_gcc_c_o=yes
ac_cv_prog_cxx_c_o=yes
ac_cv_prog_cxx_g=yes
ac_cv_prog_make_make_set=yes
am_cv_CC_dependencies_compiler_type=gcc3
am_cv_CXX_dependencies_compiler_type=gcc3
am_cv_ar_interface=ar
am_cv_make_support_nested_variables=yes
am_cv_prog_cc_c_o=yes

## ----------------- ##
## Output variables. ##
## ----------------- ##

ACLOCAL='${SHELL} /Users/Pranav/Desktop/Linux-XIA/Cuckoo-hash/auto/missing aclocal-1.15'
AMDEPBACKSLASH='\'
AMDEP_FALSE='#'
AMDEP_TRUE=''
AMTAR='$${TAR-tar}'
AM_BACKSLASH='\'
AM_DEFAULT_V='$(AM_DEFAULT_VERBOSITY)'
AM_DEFAULT_VERBOSITY='1'
AM_V='$(V)'
AR='ar'
AUTOCONF='${SHELL} /Users/Pranav/Desktop/Linux-XIA/Cuckoo-hash/auto/missing autoconf'
AUTOHEADER='${SHELL} /Users/Pranav/Desktop/Linux-XIA/Cuckoo-hash/auto/missing autoheader'
AUTOMAKE='${SHELL} /Users/Pranav/Desktop/Linux-XIA/Cuckoo-hash/auto/missing automake-1.15'
AWK='gawk'
CC='gcc'
CCDEPMODE='depmode=gcc3'
CFLAGS='-g -O2'
CPPFLAGS=''
CXX='g++'
CXXDEPMODE='depmode=gcc3'
CXXFLAGS='-g -O2'
CYGPATH_W='echo'
DEFS='-DHAVE_CONFIG_H'
DEPDIR='.deps'
ECHO_C='\c'
ECHO_N=''
ECHO_T=''
EXEEXT=''
HAVE_UNORDERED_MAP_CACHE_FALSE=''
HAVE_UNORDERED_MAP_CACHE_TRUE='#'
HAVE_UNORDERED_MAP_FALSE='#'
HAVE_UNORDERED_MAP_TRUE=''
INSTALL_DATA='${INSTALL} -m 644'
INSTALL_PROGRAM='${INSTALL}'
INSTALL_SCRIPT='${INSTALL}'
INSTALL_STRIP_PROGRAM='$(install_sh) -c -s'
LDFLAGS=''
LIBOBJS=''
LIBS=''
LTLIBOBJS=''
MAKEINFO='${SHELL} /Users/Pranav/Desktop/Linux-XIA/Cuckoo-hash/auto/missing makeinfo'
MKDIR_P='auto/install-sh -c -d'
OBJEXT='o'
PACKAGE='cuckoo-hash'
PACKAGE_BUGREPORT='tomash.brechko@gmail.com'
PACKAGE_NAME='Cuckoo hash'
PACKAGE_STRING='Cuckoo hash 0.3-1_dirty'
PACKAGE_TARNAME='cuckoo-hash'
PACKAGE_URL=''
PACKAGE_VERSION='0.3-1_dirty'
PATH_SEPARATOR=':'
RPM_RELEASE='0.3-1_dirty'
RPM_VERSION='0.3'
SET_MAKE=''
SHELL='/bin/sh'
STRIP=''
VERSION='0.3-1_dirty'
WITH_XPROBES_FALSE=''
WITH_XPROBES_TRUE='#'
ac_ct_AR='ar'
ac_ct_CC='gcc'
ac_ct_CXX='g++'
am__EXEEXT_FALSE=''
am__EXEEXT_TRUE='#'
am__fastdepCC_FALSE='#'
am__fastdepCC_TRUE=''
am__fastdepCXX_FALSE='#'
am__fastdepCXX_TRUE=''
am__include='include'
am__isrc=''
am__leading_dot='.'
am__nodep='_no'
am__quote=''
am__tar='$${TAR-tar} chof - "$$tardir"'
am__untar='$${TAR-tar} xf -'
bindir='${exec_prefix}/bin'
build_alias=''
datadir='${datarootdir}'
datarootdir='${prefix}/share'
docdir='${datarootdir}/doc/${PACKAGE_TARNAME}'
dvidir='${docdir}'
exec_prefix='${prefix}'
host_alias=''
htmldir='${docdir}'
includedir='${prefix}/include'
infodir='${datarootdir}/info'
install_sh='${SHELL} /Users/Pranav/Desktop/Linux-XIA/Cuckoo-hash/auto/install-sh'
libdir='${exec_prefix}/lib'
libexecdir='${exec_prefix}/libexec'
localedir='${datarootdir}/locale'
localstatedir='${prefix}/var'
mandir='${datarootdir}/man'
mkdir_p='$(MKDIR_P)'
oldincludedir='/usr/include'
pdfdir='${docdir}'
prefix='/usr/local'
program_transform_name='s,x,x,'
psdir='${docdir}'
sbindir='${exec_prefix}/sbin'
sharedstatedir='${prefix}/com'
sysconfdir='${prefix}/etc'
target_alias=''

## ----------- ##
## confdefs.h. ##
## ----------- ##

/* confdefs.h */
#define PACKAGE_NAME "Cuckoo hash"
#define PACKAGE_TARNAME "cuckoo-hash"
#define PACKAGE_VERSION "0.3-1_dirty"
#define PACKAGE_STRING "Cuckoo hash 0.3-1_dirty"
#define PACKAGE_BUGREPORT "tomash.brechko@gmail.com"
#define PACKAGE_URL ""

configure: exit 1
